<?xml version="1.0" encoding="UTF-8"?>
<testng-results ignored="0" total="3" passed="3" failed="0" skipped="0">
  <reporter-output>
  </reporter-output>
  <suite started-at="2024-02-29T16:06:31 IST" name="Default suite" finished-at="2024-02-29T16:07:40 IST" duration-ms="69350">
    <groups>
      <group name="cucumber">
        <method signature="AbstractTestNGCucumberTests.runScenario(io.cucumber.testng.PickleWrapper,io.cucumber.testng.FeatureWrapper)[pri:0, instance:testRunner.TestNGRunner@3c46e67a]" name="runScenario" class="io.cucumber.testng.AbstractTestNGCucumberTests"/>
      </group> <!-- cucumber -->
    </groups>
    <test started-at="2024-02-29T16:06:31 IST" name="Default test" finished-at="2024-02-29T16:07:40 IST" duration-ms="69350">
      <class name="testRunner.TestNGRunner">
        <test-method is-config="true" signature="setUpClass(org.testng.ITestContext)[pri:0, instance:testRunner.TestNGRunner@3c46e67a]" started-at="2024-02-29T16:06:31 IST" name="setUpClass" finished-at="2024-02-29T16:06:41 IST" duration-ms="10475" status="PASS">
          <params>
            <param index="0">
              <value>
                <![CDATA[org.testng.TestRunner@4fee14b]]>
              </value>
            </param>
          </params>
          <reporter-output>
          </reporter-output>
        </test-method> <!-- setUpClass -->
        <test-method signature="runScenario(io.cucumber.testng.PickleWrapper,io.cucumber.testng.FeatureWrapper)[pri:0, instance:testRunner.TestNGRunner@3c46e67a]" started-at="2024-02-29T16:06:41 IST" name="runScenario" description="Runs Cucumber Scenarios" data-provider="scenarios" finished-at="2024-02-29T16:07:13 IST" duration-ms="31744" status="PASS">
          <params>
            <param index="0">
              <value>
                <![CDATA["Apply filter to find hospital in bangalore for cardiologist disease at webpage pract.com"]]>
              </value>
            </param>
            <param index="1">
              <value>
                <![CDATA["Finding_hospitals"]]>
              </value>
            </param>
          </params>
          <reporter-output>
          </reporter-output>
        </test-method> <!-- runScenario -->
        <test-method signature="runScenario(io.cucumber.testng.PickleWrapper,io.cucumber.testng.FeatureWrapper)[pri:0, instance:testRunner.TestNGRunner@3c46e67a]" started-at="2024-02-29T16:07:13 IST" name="runScenario" description="Runs Cucumber Scenarios" data-provider="scenarios" finished-at="2024-02-29T16:07:20 IST" duration-ms="7157" status="PASS">
          <params>
            <param index="0">
              <value>
                <![CDATA["Extract surgery option on the practo home page store and display all surgery on console"]]>
              </value>
            </param>
            <param index="1">
              <value>
                <![CDATA["Finding_hospitals"]]>
              </value>
            </param>
          </params>
          <reporter-output>
          </reporter-output>
        </test-method> <!-- runScenario -->
        <test-method signature="runScenario(io.cucumber.testng.PickleWrapper,io.cucumber.testng.FeatureWrapper)[pri:0, instance:testRunner.TestNGRunner@3c46e67a]" started-at="2024-02-29T16:07:20 IST" name="runScenario" description="Runs Cucumber Scenarios" data-provider="scenarios" finished-at="2024-02-29T16:07:36 IST" duration-ms="15832" status="PASS">
          <params>
            <param index="0">
              <value>
                <![CDATA["On the practo home page under For Corporate option fill health and wellness plan form"]]>
              </value>
            </param>
            <param index="1">
              <value>
                <![CDATA["Finding_hospitals"]]>
              </value>
            </param>
          </params>
          <reporter-output>
          </reporter-output>
        </test-method> <!-- runScenario -->
        <test-method is-config="true" signature="tearDownClass()[pri:0, instance:testRunner.TestNGRunner@3c46e67a]" started-at="2024-02-29T16:07:36 IST" name="tearDownClass" finished-at="2024-02-29T16:07:40 IST" duration-ms="4053" status="PASS">
          <reporter-output>
          </reporter-output>
        </test-method> <!-- tearDownClass -->
      </class> <!-- testRunner.TestNGRunner -->
    </test> <!-- Default test -->
  </suite> <!-- Default suite -->
</testng-results>
